<?xml version="1.0" encoding="UTF-8"?>
<!-- Generated by org.testng.reporters.JUnitXMLReporter -->
<testsuite ignored="3" hostname="DESKTOP-QNLDC4R" failures="0" tests="0" time="0.305" errors="0" timestamp="2022-03-16T17:00:56 IST">
  <testcase classname="com.crm.genericImplemented.CreateOrgBaseClassTest" name="createOrgTest" time="0.0">
    <ignored/>
  </testcase> <!-- createOrgTest -->
  <testcase classname="com.crm.genericImplemented.CreateOrgWithIndTypeBaseClassTest" name="createOrgWithIndustryType" time="0.0">
    <ignored/>
  </testcase> <!-- createOrgWithIndustryType -->
  <testcase classname="com.crm.genericImplemented.CreateOrgBaseClassTest" name="createSampleTestCase" time="0.0">
    <ignored/>
  </testcase> <!-- createSampleTestCase -->
</testsuite>
