<?xml version="1.0" encoding="UTF-8"?>
<!-- Generated by org.testng.reporters.JUnitXMLReporter -->
<testsuite ignored="2" hostname="DESKTOP-QNLDC4R" failures="2" tests="3" name="Test" time="19.354" errors="0" timestamp="2022-03-17T11:35:57 IST">
  <testcase classname="com.crm.genericImplemented.CreateOrgWithIndTypeBaseClassTest" name="createOrgWithIndustryType" time="5.497"/>
  <testcase classname="com.crm.genericImplemented.CreateOrgBaseClassTest" name="createOrgTest" time="2.385">
    <failure type="java.lang.AssertionError" message="null">
      <![CDATA[java.lang.AssertionError: null
at com.crm.genericImplemented.CreateOrgBaseClassTest.createOrgTest(CreateOrgBaseClassTest.java:28)
at java.base/java.util.ArrayList.forEach(ArrayList.java:1511)
... Removed 29 stack frames]]>
    </failure>
  </testcase> <!-- createOrgTest -->
  <testcase classname="com.crm.genericImplemented.CreateOrgBaseClassTest" name="createSampleTestCase" time="0.001">
    <failure type="java.lang.AssertionError" message="null">
      <![CDATA[java.lang.AssertionError: null
at com.crm.genericImplemented.CreateOrgBaseClassTest.createSampleTestCase(CreateOrgBaseClassTest.java:57)
at java.base/java.util.ArrayList.forEach(ArrayList.java:1511)
... Removed 29 stack frames]]>
    </failure>
  </testcase> <!-- createSampleTestCase -->
  <testcase classname="com.crm.GenericLibrary.BaseClass" name="@AfterSuite closeDb" time="0.0">
    <ignored/>
  </testcase> <!-- @AfterSuite closeDb -->
  <testcase classname="com.crm.GenericLibrary.BaseClass" name="@BeforeSuite connectDataBase" time="0.0">
    <ignored/>
  </testcase> <!-- @BeforeSuite connectDataBase -->
</testsuite> <!-- Test -->
